<?xml version="1.0" encoding="UTF-8"?>
<testsuites name="jest tests" tests="5" failures="0" errors="0" time="64.253">
  <testsuite name="Check employee table index (structural existence)" errors="0" failures="0" skipped="0" timestamp="2026-09-19T12:31:55" time="41.095" tests="1">
    <testcase classname="Check employee table index (structural existence)" name="Should have existence of index for employee table on email field." time="0.049">
    </testcase>
  </testsuite>
  <testsuite name="Department &amp; Employee relationship test" errors="0" failures="0" skipped="0" timestamp="2026-09-19T12:31:55" time="52.659" tests="1">
    <testcase classname="Department &amp; Employee relationship test" name="should successfully query department belonging to a specific employee name Ashish Singh" time="0.074">
    </testcase>
  </testsuite>
  <testsuite name="Order &amp; User Relationship Tests" errors="0" failures="0" skipped="0" timestamp="2026-09-19T12:31:55" time="56.118" tests="2">
    <testcase classname="Order &amp; User Relationship Tests" name="should successfully query orders belonging to a specific admin customer" time="0.06">
    </testcase>
    <testcase classname="Order &amp; User Relationship Tests" name="should fail to create an order for a customer ID that does not exist" time="0.007">
    </testcase>
  </testsuite>
  <testsuite name="Check easyservices users table index (structural existence)" errors="0" failures="0" skipped="0" timestamp="2026-09-19T12:32:36" time="21.566" tests="1">
    <testcase classname="Check easyservices users table index (structural existence)" name="Should have existence of index for users table on email field." time="0.006">
    </testcase>
  </testsuite>
</testsuites>