<?xml version="1.0" encoding="UTF-8"?>
<testsuites name="jest tests" tests="2" failures="0" errors="0" time="28.678">
  <testsuite name="Order &amp; User Relationship Tests" errors="0" failures="0" skipped="0" timestamp="2026-09-17T07:41:05" time="28.04" tests="2">
    <testcase classname="Order &amp; User Relationship Tests" name="should successfully query orders belonging to a specific admin user" time="0.043">
    </testcase>
    <testcase classname="Order &amp; User Relationship Tests" name="should fail to create an order for a user ID that does not exist" time="0.015">
    </testcase>
  </testsuite>
</testsuites>